<?xml version="1.0" encoding="UTF-8" ?>
<testsuite errors="0" failures="0" hostname="DavidWillis-PC" name="msigrails.Asam_masterIntegrationTestTests" tests="10" time="178.276" timestamp="2014-02-05T21:20:26">
  <properties />
  <testcase classname="msigrails.Asam_masterIntegrationTestTests" name="testSubregionDateRangeDateDesc" time="0.896" />
  <testcase classname="msigrails.Asam_masterIntegrationTestTests" name="testSubregionDateRangeDateAsc" time="0.203" />
  <testcase classname="msigrails.Asam_masterIntegrationTestTests" name="testAllDesc" time="80.879" />
  <testcase classname="msigrails.Asam_masterIntegrationTestTests" name="testAllAsc" time="80.603" />
  <testcase classname="msigrails.Asam_masterIntegrationTestTests" name="testSubregionSpecificDate" time="0.092" />
  <testcase classname="msigrails.Asam_masterIntegrationTestTests" name="testSubregionDateAsc" time="4.646" />
  <testcase classname="msigrails.Asam_masterIntegrationTestTests" name="testAllSpecificDate" time="0.099" />
  <testcase classname="msigrails.Asam_masterIntegrationTestTests" name="testSubregionDateDesc" time="5.299" />
  <testcase classname="msigrails.Asam_masterIntegrationTestTests" name="testAllDateRangeDateDesc" time="3.71" />
  <testcase classname="msigrails.Asam_masterIntegrationTestTests" name="testAllDateRangeDateAsc" time="1.759" />
  <system-out><![CDATA[--Output from testSubregionDateRangeDateDesc--
24
--Output from testSubregionDateRangeDateAsc--
24
--Output from testAllDesc--
null
--Output from testAllAsc--
null
--Output from testSubregionSpecificDate--
24
--Output from testSubregionDateAsc--
24
--Output from testAllSpecificDate--
null
--Output from testSubregionDateDesc--
24
--Output from testAllDateRangeDateDesc--
null
--Output from testAllDateRangeDateAsc--
null
]]></system-out>
  <system-err><![CDATA[--Output from testSubregionDateRangeDateDesc--
--Output from testSubregionDateRangeDateAsc--
--Output from testAllDesc--
--Output from testAllAsc--
--Output from testSubregionSpecificDate--
--Output from testSubregionDateAsc--
--Output from testAllSpecificDate--
--Output from testSubregionDateDesc--
--Output from testAllDateRangeDateDesc--
--Output from testAllDateRangeDateAsc--
]]></system-err>
</testsuite>
