<?xml version="1.0" encoding="UTF-8" ?>
<testsuite errors="0" failures="0" hostname="DaveMac.local" name="msigrails.Asam_masterIntegrationTestTests" tests="1" time="0.695" timestamp="2014-03-02T15:54:55">
  <properties />
  <testcase classname="msigrails.Asam_masterIntegrationTestTests" name="testSpecificNumber" time="0.684" />
  <system-out><![CDATA[--Output from testSpecificNumber--
]]></system-out>
  <system-err><![CDATA[--Output from testSpecificNumber--
]]></system-err>
</testsuite>
